app/build/intermediates/manifest_merge_blame_file/debug/manifest-merger-blame-debug-report.txt
1<?xml version="1.0" encoding="utf-8"?>
2<manifest xmlns:android="http://schemas.android.com/apk/res/android"
3    package="com.pizarro.firetvapp"
4    android:versionCode="1"
5    android:versionName="1.0" >
6
7    <uses-sdk
8        android:minSdkVersion="21"
9        android:targetSdkVersion="34" />
10
11    <uses-feature
11-->src\main\AndroidManifest.xml:5:5-87
12        android:name="android.software.leanback"
12-->src\main\AndroidManifest.xml:5:19-59
13        android:required="false" />
13-->src\main\AndroidManifest.xml:5:60-84
14    <uses-feature
14-->src\main\AndroidManifest.xml:6:5-90
15        android:name="android.hardware.touchscreen"
15-->src\main\AndroidManifest.xml:6:19-62
16        android:required="false" />
16-->src\main\AndroidManifest.xml:6:63-87
17
18    <uses-permission android:name="android.permission.INTERNET" />
18-->src\main\AndroidManifest.xml:7:5-67
18-->src\main\AndroidManifest.xml:7:22-64
19
20    <permission
20-->[androidx.core:core:1.9.0] AndroidManifest.xml:22:5-24:47
21        android:name="com.pizarro.firetvapp.DYNAMIC_RECEIVER_NOT_EXPORTED_PERMISSION"
21-->[androidx.core:core:1.9.0] AndroidManifest.xml:23:9-81
22        android:protectionLevel="signature" />
22-->[androidx.core:core:1.9.0] AndroidManifest.xml:24:9-44
23
24    <uses-permission android:name="com.pizarro.firetvapp.DYNAMIC_RECEIVER_NOT_EXPORTED_PERMISSION" />
24-->[androidx.core:core:1.9.0] AndroidManifest.xml:26:5-97
24-->[androidx.core:core:1.9.0] AndroidManifest.xml:26:22-94
25
26    <application
26-->src\main\AndroidManifest.xml:9:5-24:19
27        android:allowBackup="true"
27-->src\main\AndroidManifest.xml:10:9-35
28        android:appComponentFactory="androidx.core.app.CoreComponentFactory"
28-->[androidx.core:core:1.9.0] AndroidManifest.xml:28:18-86
29        android:debuggable="true"
30        android:extractNativeLibs="true"
31        android:label="Mi Web en FireTV"
31-->src\main\AndroidManifest.xml:11:9-41
32        android:theme="@android:style/Theme.NoTitleBar.Fullscreen" >
32-->src\main\AndroidManifest.xml:12:9-67
33        <activity
33-->src\main\AndroidManifest.xml:14:9-23:20
34            android:name="com.pizarro.firetvapp.MainActivity"
34-->src\main\AndroidManifest.xml:15:13-41
35            android:exported="true"
35-->src\main\AndroidManifest.xml:16:13-36
36            android:screenOrientation="landscape" >
36-->src\main\AndroidManifest.xml:17:13-50
37            <intent-filter>
37-->src\main\AndroidManifest.xml:18:13-22:29
38                <action android:name="android.intent.action.MAIN" />
38-->src\main\AndroidManifest.xml:19:17-69
38-->src\main\AndroidManifest.xml:19:25-66
39
40                <category android:name="android.intent.category.LEANBACK_LAUNCHER" />
40-->src\main\AndroidManifest.xml:20:17-86
40-->src\main\AndroidManifest.xml:20:27-83
41                <category android:name="android.intent.category.LAUNCHER" />
41-->src\main\AndroidManifest.xml:21:17-77
41-->src\main\AndroidManifest.xml:21:27-74
42            </intent-filter>
43        </activity>
44
45        <provider
45-->[androidx.emoji2:emoji2:1.2.0] AndroidManifest.xml:24:9-32:20
46            android:name="androidx.startup.InitializationProvider"
46-->[androidx.emoji2:emoji2:1.2.0] AndroidManifest.xml:25:13-67
47            android:authorities="com.pizarro.firetvapp.androidx-startup"
47-->[androidx.emoji2:emoji2:1.2.0] AndroidManifest.xml:26:13-68
48            android:exported="false" >
48-->[androidx.emoji2:emoji2:1.2.0] AndroidManifest.xml:27:13-37
49            <meta-data
49-->[androidx.emoji2:emoji2:1.2.0] AndroidManifest.xml:29:13-31:52
50                android:name="androidx.emoji2.text.EmojiCompatInitializer"
50-->[androidx.emoji2:emoji2:1.2.0] AndroidManifest.xml:30:17-75
51                android:value="androidx.startup" />
51-->[androidx.emoji2:emoji2:1.2.0] AndroidManifest.xml:31:17-49
52            <meta-data
52-->[androidx.lifecycle:lifecycle-process:2.4.1] AndroidManifest.xml:31:13-33:52
53                android:name="androidx.lifecycle.ProcessLifecycleInitializer"
53-->[androidx.lifecycle:lifecycle-process:2.4.1] AndroidManifest.xml:32:17-78
54                android:value="androidx.startup" />
54-->[androidx.lifecycle:lifecycle-process:2.4.1] AndroidManifest.xml:33:17-49
55        </provider>
56    </application>
57
58</manifest>